Insert.SingleIndex.Seq
1	37705.09540369903
8	122438.15554799141
Insert.SingleIndex.Uncontested.Rnd
1	35963.82178404747
8	117563.46318722163
Insert.SingleIndex.Contested.Rnd
1	35704.15749531916
8	117158.74206289685
Insert.MultiIndex.Uncontested.Rnd
1	30214.747944107974
8	102699.13206114029
Insert.MultiIndex.Contested.Rnd
1	28978.710400488944
8	101867.86042914573
Insert.MultiKeyIndex.Uncontested.Rnd
1	27823.537140881217
8	96164.71471945917
Insert.MultiKeyIndex.Contested.Rnd
1	21419.735988184366
8	96011.5370877533
Update.SetWithIndex.Random
1	18518.737029214353
8	77625.21188965978
Update.SetWithMultiIndex.Random
1	18840.40841117589
8	69613.58385242602
Update.SetWithMultiIndex.String
1	18632.8733179406
8	68195.8029875472
Insert.DocValidation.OneInt
1	38332.5183520779
8	126269.88447396115
Insert.DocValidation.TenInt
1	30439.118163753134
8	102989.67975316523
Insert.DocValidation.TwentyInt
1	20401.20020471398
8	86061.7231063865
Update.DocValidation.OneNum
1	24214.623691956134
8	90784.36944838372
Update.DocValidation.TenNum
1	16020.232883755916
8	73651.1769897293
Update.DocValidation.TwentyNum
1	15919.452370838442
8	59416.76974474302
Inserts.PartialIndex.FilteredRange
1	34838.55277981048
8	113641.43156985308
Queries.PartialIndex.FilteredRange
1	34448.75275791616
8	168929.53602995072
Queries.PartialIndex.AllInFilter.FilteredRange
1	45142.8380578032
8	170757.02778957709
Queries.PartialIndex.AllInFilter.FullRange
1	45760.810218934304
8	172317.2005024415
Queries.UniqueIdx.HaveNonUniqueIndices
1	43801.659669214125
8	160955.5563732823
Queries.UniqueIdx.MultipleUniqueIndices
1	43650.42858457095
8	160925.1835638026
Queries.UniqueIdx.MultikeyWithUniqueIdx
1	22103.68384064356
8	85365.57078681073
Queries.UniqueIdx.ManyIdxIsect
1	21715.63995260166
8	81272.69465683508
Queries.UniqueIdx.ManyIdxIsectRangePredicates
1	20923.901141701866
8	80059.10942282916
Insert.Empty
1	32110.940338968816
8	134804.27350871768
Insert.EmptyCapped
1	31477.767529225042
8	47688.15778579597
Insert.EmptyCapped.SeqIntID
1	30289.527661603348
8	45637.68831548547
Insert.JustID
1	42042.97894731158
8	129207.84970635397
Insert.IntVector
1	6662.192139605245
8	16139.534009425075
Insert.LargeDocVector
1	4148.485501800151
8	8898.392977685375
Insert.SeqIntID.Indexed
1	21819.862488647886
8	118738.56548482344
Insert.IntIDUpsert
1	22515.611953581625
8	91755.00242674616
Insert.JustNum
1	39222.72133928434
8	125811.42355574657
Insert.JustNumIndexed
1	28221.65739664295
8	115705.40296334686
MultiUpdate.Uncontended.SingleDoc.Indexed
1	18388.382150359746
8	77128.6382602908
MultiUpdate.Uncontended.TwoDocs.NoIndex
1	14947.214069208487
8	57447.601646925374
MultiUpdate.Uncontended.TwoDocs.Indexed
1	12188.185715439942
8	47278.42575101322
MultiUpdate.Contended.Low.NoIndex
1	23782.51506356617
8	89162.60965140334
MultiUpdate.Contended.Low.Indexed
1	20384.670228805808
8	76868.77193515762
Queries.Empty
1	27123.01272233691
8	91113.05987722774
Queries.NoMatch
1	22211.818144001332
8	78343.94178381561
Queries.IntIdFindOne
1	42302.30014019635
8	135702.30050337885
Queries.IntNonIdFindOne
1	27290.04679470847
8	98411.98161511334
Queries.IntIDRange
1	15436.180135900302
8	58715.43157189106
Queries.RegexPrefixFindOne
1	25527.131189162847
8	108474.46780214208
Queries.TwoInts
1	20867.05745650613
8	77290.35189539053
Queries.IntNonIdFindOneProjectionCovered
1	26139.94650133747
8	95798.34319166889
Queries.IntNonIdFindOneProjection
1	24972.995869533
8	92695.4129867813
Queries.IntNonIdFindProjectionCovered
1	14006.54898912255
8	52578.17149732175
Queries.FindProjection
1	19129.376382329938
8	68281.28065449043
Queries.FindWideDocProjection
1	9957.261453110596
8	41466.53784827014
Queries.FindProjectionThreeFieldsCovered
1	22320.779482330392
8	82924.30746585951
Queries.FindProjectionThreeFields
1	16667.563299081976
8	62987.73099257788
Queries.FindProjectionDottedField
1	15192.686487196734
8	57567.30715003102
Queries.FindProjectionDottedField.Indexed
1	24011.69405619475
8	89017.11654562078
Queries.Text.FindSingle
1	18440.88902008241
8	71816.89316101205
Queries.Text.FindSingleLargeDocuments
1	115.85249660132719
8	147.76272890278807
Queries.Text.FindSingleCaseSensitive
1	14622.461893402324
8	58810.1654863356
Queries.Text.FindThreeWords
1	11365.738551014829
8	51504.17237372038
Queries.Text.FindThreeWordsCaseSensitive
1	8915.048747079365
8	36868.280032221446
Queries.Text.FindPhrase
1	11567.6887081591
8	47298.92556983796
Queries.Text.FindPhraseCaseSensitive
1	9066.968412303573
8	38680.4989625778
Update.IncNoIndex
1	24684.48414995965
8	90989.99501630699
Update.IncWithIndex
1	20985.973152657785
8	78053.96268533886
Update.IncNoIndexUpsert
1	24635.73483515945
8	90176.29440958412
Update.IncWithIndexUpsert
1	21336.355080338817
8	78143.2828502103
Update.IncFewSmallDoc
1	21928.720209673498
8	81227.65016697941
Update.IncFewLargeDoc
1	20533.12651345036
8	77923.85445094321
Update.IncFewSmallDocLongFields
1	20886.298220379795
8	80558.35597053029
Update.IncFewLargeDocLongFields
1	20542.016606728368
8	79234.93880006367
Update.SingleDocFieldAtOffset
1	28151.321678763627
8	104634.6008545959
Update.FieldAtOffset
1	596.4306137057075
8	2658.378119450883
>>> contended_update : 47506.23636156839 32
>>> contended_update : 42365.9785203912 64
>>> insert_capped_indexes : 27946.546117417067 1
>>> insert_capped_indexes : 15469.180780558983 8
>>> insert_capped_indexes : 13925.370761364642 64
>>> initial_load_capped : 72143.03575893973 1
>>> insert_capped : 119774.19719469387 1
>>> insert_capped : 57412.99159145142 8
>>> insert_capped : 55158.468417945456 64
>>> insert_ttl : 258601.68946029813 1
>>> insert_ttl : 513567.79602733505 16
>>> insert_ttl : 512681.39384175005 32
>>> insert_jtrue : 72348.76309902866 1
>>> updatemulti_jtrue : 134500.61443157197 1
>>> removemulti_jtrue : 90525.79329943864 1
>>> insert_jtrue : 268717.1579520787 16
>>> updatemulti_jtrue : 454066.958492961 16
>>> removemulti_jtrue : 313509.6632617886 16
>>> insert_jtrue : 275474.95538285543 32
>>> updatemulti_jtrue : 468090.473714227 32
>>> removemulti_jtrue : 324255.65233825985 32
